<?xml version="1.0" encoding="UTF-8"?>
<testsuite xmlns:xsi="http://www.w3.org/2001/XMLSchema-instance" xsi:noNamespaceSchemaLocation="https://maven.apache.org/surefire/maven-surefire-plugin/xsd/surefire-test-report.xsd" name="es.uca.dss.creditcard.CreditCardTest" time="0.042" tests="17" errors="0" skipped="0" failures="0">
  <properties>
[...]
</properties>
  <testcase name="testPay" classname="es.uca.dss.creditcard.CreditCardTest" time="0.002"/>
  <testcase name="testPayInsufficientBalance" classname="es.uca.dss.creditcard.CreditCardTest" time="0"/>
  <testcase name="testWithdrawInactiveCard" classname="es.uca.dss.creditcard.CreditCardTest" time="0"/>
  <testcase name="testActivate" classname="es.uca.dss.creditcard.CreditCardTest" time="0"/>
  <testcase name="testDeactivateAlreadyInactive" classname="es.uca.dss.creditcard.CreditCardTest" time="0"/>
  <testcase name="testWithdrawInsufficientBalance" classname="es.uca.dss.creditcard.CreditCardTest" time="0"/>
  <testcase name="testWithdraw" classname="es.uca.dss.creditcard.CreditCardTest" time="0"/>
  <testcase name="testIsActive" classname="es.uca.dss.creditcard.CreditCardTest" time="0"/>
  <testcase name="testGetBalance" classname="es.uca.dss.creditcard.CreditCardTest" time="0.001"/>
  <testcase name="testTransferInsufficientBalance" classname="es.uca.dss.creditcard.CreditCardTest" time="0"/>
  <testcase name="testPayInactiveCard" classname="es.uca.dss.creditcard.CreditCardTest" time="0"/>
  <testcase name="testDeposit" classname="es.uca.dss.creditcard.CreditCardTest" time="0"/>
  <testcase name="testDepositInactiveCard" classname="es.uca.dss.creditcard.CreditCardTest" time="0"/>
  <testcase name="testDeactivate" classname="es.uca.dss.creditcard.CreditCardTest" time="0.001"/>
  <testcase name="testActivateAlreadyActive" classname="es.uca.dss.creditcard.CreditCardTest" time="0"/>
  <testcase name="testTransferInactiveCard" classname="es.uca.dss.creditcard.CreditCardTest" time="0.001"/>
  <testcase name="testTransfer" classname="es.uca.dss.creditcard.CreditCardTest" time="0"/>
</testsuite>